Starting...Acquiring tty2 and changing to graphics mode...
Initialising Display 0
Opening /dev/fb0...
The framebuffer device was opened successfully.
1024x768, 32bpp
The framebuffer device was mapped to memory successfully.
#### DISPLAY DEBUG ####
Screensize: 1024x768 (3145728 bytes)
DisplayBuffer Addr: b2ab6000
ImageBuffer Addr: b27b5010
LineLength: 4096

##############


MAIN: b27b5010 framebufferUIObject was created!
UIObject was created!
Image was created!
Loaded image with a width of 1024px, a height of 768px and 4 channels
UIObject was created!
[RENDER] Starting Thread
[0m[[32mRENDER[0m]Render thread has been started
[0m[[32mRENDER[0m](97065d90)
Stopping the Thread and joining...

[RENDER] Stopping Thread
[RENDER] Thread has stopped.
Changing to text mode and acquiring tty1
