Performing C SOURCE FILE Test CMAKE_HAVE_LIBC_PTHREAD failed with the following output:
Change Dir: /root/ilc/CMakeFiles/CMakeTmp

Run Build Command(s):/usr/bin/gmake cmTC_5c5ef/fast && /usr/bin/gmake  -f CMakeFiles/cmTC_5c5ef.dir/build.make CMakeFiles/cmTC_5c5ef.dir/build
gmake[1]: Verzeichnis „/root/ilc/CMakeFiles/CMakeTmp“ wird betreten
Building C object CMakeFiles/cmTC_5c5ef.dir/src.c.o
/usr/bin/cc   -DCMAKE_HAVE_LIBC_PTHREAD -o CMakeFiles/cmTC_5c5ef.dir/src.c.o -c /root/ilc/CMakeFiles/CMakeTmp/src.c
Linking C executable cmTC_5c5ef
/usr/bin/cmake -E cmake_link_script CMakeFiles/cmTC_5c5ef.dir/link.txt --verbose=1
/usr/bin/cc  -DCMAKE_HAVE_LIBC_PTHREAD CMakeFiles/cmTC_5c5ef.dir/src.c.o -o cmTC_5c5ef 
/usr/bin/ld: CMakeFiles/cmTC_5c5ef.dir/src.c.o: in function `main':
src.c:(.text+0x2f): undefined reference to `pthread_create'
/usr/bin/ld: src.c:(.text+0x3b): undefined reference to `pthread_detach'
/usr/bin/ld: src.c:(.text+0x47): undefined reference to `pthread_cancel'
/usr/bin/ld: src.c:(.text+0x58): undefined reference to `pthread_join'
collect2: error: ld returned 1 exit status
gmake[1]: *** [CMakeFiles/cmTC_5c5ef.dir/build.make:106: cmTC_5c5ef] Fehler 1
gmake[1]: Verzeichnis „/root/ilc/CMakeFiles/CMakeTmp“ wird verlassen
gmake: *** [Makefile:140: cmTC_5c5ef/fast] Fehler 2


Source file was:
#include <pthread.h>

void* test_func(void* data)
{
  return data;
}

int main(void)
{
  pthread_t thread;
  pthread_create(&thread, NULL, test_func, NULL);
  pthread_detach(thread);
  pthread_cancel(thread);
  pthread_join(thread, NULL);
  pthread_atfork(NULL, NULL, NULL);
  pthread_exit(NULL);

  return 0;
}

Determining if the function pthread_create exists in the pthreads failed with the following output:
Change Dir: /root/ilc/CMakeFiles/CMakeTmp

Run Build Command(s):/usr/bin/gmake cmTC_063c6/fast && /usr/bin/gmake  -f CMakeFiles/cmTC_063c6.dir/build.make CMakeFiles/cmTC_063c6.dir/build
gmake[1]: Verzeichnis „/root/ilc/CMakeFiles/CMakeTmp“ wird betreten
Building C object CMakeFiles/cmTC_063c6.dir/CheckFunctionExists.c.o
/usr/bin/cc   -DCHECK_FUNCTION_EXISTS=pthread_create -o CMakeFiles/cmTC_063c6.dir/CheckFunctionExists.c.o -c /usr/share/cmake-3.18/Modules/CheckFunctionExists.c
Linking C executable cmTC_063c6
/usr/bin/cmake -E cmake_link_script CMakeFiles/cmTC_063c6.dir/link.txt --verbose=1
/usr/bin/cc  -DCHECK_FUNCTION_EXISTS=pthread_create CMakeFiles/cmTC_063c6.dir/CheckFunctionExists.c.o -o cmTC_063c6  -lpthreads 
/usr/bin/ld: cannot find -lpthreads
collect2: error: ld returned 1 exit status
gmake[1]: *** [CMakeFiles/cmTC_063c6.dir/build.make:106: cmTC_063c6] Fehler 1
gmake[1]: Verzeichnis „/root/ilc/CMakeFiles/CMakeTmp“ wird verlassen
gmake: *** [Makefile:140: cmTC_063c6/fast] Fehler 2



Performing C SOURCE FILE Test CMAKE_HAVE_LIBC_PTHREAD failed with the following output:
Change Dir: /root/ilc/CMakeFiles/CMakeTmp

Run Build Command(s):/usr/bin/gmake cmTC_a8eb8/fast && /usr/bin/gmake  -f CMakeFiles/cmTC_a8eb8.dir/build.make CMakeFiles/cmTC_a8eb8.dir/build
gmake[1]: Verzeichnis „/root/ilc/CMakeFiles/CMakeTmp“ wird betreten
Building C object CMakeFiles/cmTC_a8eb8.dir/src.c.o
/usr/bin/cc   -DCMAKE_HAVE_LIBC_PTHREAD -o CMakeFiles/cmTC_a8eb8.dir/src.c.o -c /root/ilc/CMakeFiles/CMakeTmp/src.c
Linking C executable cmTC_a8eb8
/usr/bin/cmake -E cmake_link_script CMakeFiles/cmTC_a8eb8.dir/link.txt --verbose=1
/usr/bin/cc  -DCMAKE_HAVE_LIBC_PTHREAD CMakeFiles/cmTC_a8eb8.dir/src.c.o -o cmTC_a8eb8 
/usr/bin/ld: CMakeFiles/cmTC_a8eb8.dir/src.c.o: in function `main':
src.c:(.text+0x2f): undefined reference to `pthread_create'
/usr/bin/ld: src.c:(.text+0x3b): undefined reference to `pthread_detach'
/usr/bin/ld: src.c:(.text+0x47): undefined reference to `pthread_cancel'
/usr/bin/ld: src.c:(.text+0x58): undefined reference to `pthread_join'
collect2: error: ld returned 1 exit status
gmake[1]: *** [CMakeFiles/cmTC_a8eb8.dir/build.make:106: cmTC_a8eb8] Fehler 1
gmake[1]: Verzeichnis „/root/ilc/CMakeFiles/CMakeTmp“ wird verlassen
gmake: *** [Makefile:140: cmTC_a8eb8/fast] Fehler 2


Source file was:
#include <pthread.h>

void* test_func(void* data)
{
  return data;
}

int main(void)
{
  pthread_t thread;
  pthread_create(&thread, NULL, test_func, NULL);
  pthread_detach(thread);
  pthread_cancel(thread);
  pthread_join(thread, NULL);
  pthread_atfork(NULL, NULL, NULL);
  pthread_exit(NULL);

  return 0;
}

Determining if the function pthread_create exists in the pthreads failed with the following output:
Change Dir: /root/ilc/CMakeFiles/CMakeTmp

Run Build Command(s):/usr/bin/gmake cmTC_5a27f/fast && /usr/bin/gmake  -f CMakeFiles/cmTC_5a27f.dir/build.make CMakeFiles/cmTC_5a27f.dir/build
gmake[1]: Verzeichnis „/root/ilc/CMakeFiles/CMakeTmp“ wird betreten
Building C object CMakeFiles/cmTC_5a27f.dir/CheckFunctionExists.c.o
/usr/bin/cc   -DCHECK_FUNCTION_EXISTS=pthread_create -o CMakeFiles/cmTC_5a27f.dir/CheckFunctionExists.c.o -c /usr/share/cmake-3.18/Modules/CheckFunctionExists.c
Linking C executable cmTC_5a27f
/usr/bin/cmake -E cmake_link_script CMakeFiles/cmTC_5a27f.dir/link.txt --verbose=1
/usr/bin/cc  -DCHECK_FUNCTION_EXISTS=pthread_create CMakeFiles/cmTC_5a27f.dir/CheckFunctionExists.c.o -o cmTC_5a27f  -lpthreads 
/usr/bin/ld: cannot find -lpthreads
collect2: error: ld returned 1 exit status
gmake[1]: *** [CMakeFiles/cmTC_5a27f.dir/build.make:106: cmTC_5a27f] Fehler 1
gmake[1]: Verzeichnis „/root/ilc/CMakeFiles/CMakeTmp“ wird verlassen
gmake: *** [Makefile:140: cmTC_5a27f/fast] Fehler 2



Performing C SOURCE FILE Test CMAKE_HAVE_LIBC_PTHREAD failed with the following output:
Change Dir: /root/ilc/CMakeFiles/CMakeTmp

Run Build Command(s):/usr/bin/gmake cmTC_ca26b/fast && /usr/bin/gmake  -f CMakeFiles/cmTC_ca26b.dir/build.make CMakeFiles/cmTC_ca26b.dir/build
gmake[1]: Verzeichnis „/root/ilc/CMakeFiles/CMakeTmp“ wird betreten
Building C object CMakeFiles/cmTC_ca26b.dir/src.c.o
/usr/bin/cc   -DCMAKE_HAVE_LIBC_PTHREAD -o CMakeFiles/cmTC_ca26b.dir/src.c.o -c /root/ilc/CMakeFiles/CMakeTmp/src.c
Linking C executable cmTC_ca26b
/usr/bin/cmake -E cmake_link_script CMakeFiles/cmTC_ca26b.dir/link.txt --verbose=1
/usr/bin/cc  -DCMAKE_HAVE_LIBC_PTHREAD CMakeFiles/cmTC_ca26b.dir/src.c.o -o cmTC_ca26b 
/usr/bin/ld: CMakeFiles/cmTC_ca26b.dir/src.c.o: in function `main':
src.c:(.text+0x2f): undefined reference to `pthread_create'
/usr/bin/ld: src.c:(.text+0x3b): undefined reference to `pthread_detach'
/usr/bin/ld: src.c:(.text+0x47): undefined reference to `pthread_cancel'
/usr/bin/ld: src.c:(.text+0x58): undefined reference to `pthread_join'
collect2: error: ld returned 1 exit status
gmake[1]: *** [CMakeFiles/cmTC_ca26b.dir/build.make:106: cmTC_ca26b] Fehler 1
gmake[1]: Verzeichnis „/root/ilc/CMakeFiles/CMakeTmp“ wird verlassen
gmake: *** [Makefile:140: cmTC_ca26b/fast] Fehler 2


Source file was:
#include <pthread.h>

void* test_func(void* data)
{
  return data;
}

int main(void)
{
  pthread_t thread;
  pthread_create(&thread, NULL, test_func, NULL);
  pthread_detach(thread);
  pthread_cancel(thread);
  pthread_join(thread, NULL);
  pthread_atfork(NULL, NULL, NULL);
  pthread_exit(NULL);

  return 0;
}

Determining if the function pthread_create exists in the pthreads failed with the following output:
Change Dir: /root/ilc/CMakeFiles/CMakeTmp

Run Build Command(s):/usr/bin/gmake cmTC_6ad07/fast && /usr/bin/gmake  -f CMakeFiles/cmTC_6ad07.dir/build.make CMakeFiles/cmTC_6ad07.dir/build
gmake[1]: Verzeichnis „/root/ilc/CMakeFiles/CMakeTmp“ wird betreten
Building C object CMakeFiles/cmTC_6ad07.dir/CheckFunctionExists.c.o
/usr/bin/cc   -DCHECK_FUNCTION_EXISTS=pthread_create -o CMakeFiles/cmTC_6ad07.dir/CheckFunctionExists.c.o -c /usr/share/cmake-3.18/Modules/CheckFunctionExists.c
Linking C executable cmTC_6ad07
/usr/bin/cmake -E cmake_link_script CMakeFiles/cmTC_6ad07.dir/link.txt --verbose=1
/usr/bin/cc  -DCHECK_FUNCTION_EXISTS=pthread_create CMakeFiles/cmTC_6ad07.dir/CheckFunctionExists.c.o -o cmTC_6ad07  -lpthreads 
/usr/bin/ld: cannot find -lpthreads
collect2: error: ld returned 1 exit status
gmake[1]: *** [CMakeFiles/cmTC_6ad07.dir/build.make:106: cmTC_6ad07] Fehler 1
gmake[1]: Verzeichnis „/root/ilc/CMakeFiles/CMakeTmp“ wird verlassen
gmake: *** [Makefile:140: cmTC_6ad07/fast] Fehler 2



